
===========================================================================
 report_power
============================================================================
======================= Fastest Corner ===================================

Group                  Internal  Switching    Leakage      Total
                          Power      Power      Power      Power (Watts)
----------------------------------------------------------------
Sequential             8.60e-03   2.22e-03   2.45e-08   1.08e-02  25.7%
Combinational          1.29e-02   1.83e-02   1.06e-07   3.12e-02  74.3%
Macro                  0.00e+00   0.00e+00   0.00e+00   0.00e+00   0.0%
Pad                    0.00e+00   0.00e+00   0.00e+00   0.00e+00   0.0%
----------------------------------------------------------------
Total                  2.15e-02   2.06e-02   1.30e-07   4.20e-02 100.0%
                          51.1%      48.9%       0.0%

======================= Slowest Corner ===================================

Group                  Internal  Switching    Leakage      Total
                          Power      Power      Power      Power (Watts)
----------------------------------------------------------------
Sequential             5.81e-03   1.47e-03   2.37e-05   7.30e-03  25.4%
Combinational          9.29e-03   1.21e-02   5.63e-05   2.15e-02  74.6%
Macro                  0.00e+00   0.00e+00   0.00e+00   0.00e+00   0.0%
Pad                    0.00e+00   0.00e+00   0.00e+00   0.00e+00   0.0%
----------------------------------------------------------------
Total                  1.51e-02   1.36e-02   8.00e-05   2.88e-02 100.0%
                          52.5%      47.2%       0.3%

======================= Typical Corner ===================================

Group                  Internal  Switching    Leakage      Total
                          Power      Power      Power      Power (Watts)
----------------------------------------------------------------
Sequential             7.43e-03   1.88e-03   1.35e-08   9.30e-03  25.7%
Combinational          1.14e-02   1.55e-02   5.45e-08   2.69e-02  74.3%
Macro                  0.00e+00   0.00e+00   0.00e+00   0.00e+00   0.0%
Pad                    0.00e+00   0.00e+00   0.00e+00   0.00e+00   0.0%
----------------------------------------------------------------
Total                  1.89e-02   1.74e-02   6.81e-08   3.62e-02 100.0%
                          52.1%      47.9%       0.0%

