OpenROAD 41a51eaf4ca2171c92ff38afb91eb37bbd3f36da 
This program is licensed under the BSD-3 license. See the LICENSE file for details.
Components of this program may be licensed under more restrictive licenses which must be honored.
[INFO]: Reading ODB at '/openlane/designs/picorv32/runs/RUN_2026.05.29_09.50.20/results/cts/picorv32.odb'…
define_corners Slowest Typical Fastest
read_liberty -corner Slowest /home/iman/.ciel/sky130A/libs.ref/sky130_fd_sc_hd/lib/sky130_fd_sc_hd__ss_100C_1v60.lib
read_liberty -corner Typical /home/iman/.ciel/sky130A/libs.ref/sky130_fd_sc_hd/lib/sky130_fd_sc_hd__tt_025C_1v80.lib
read_liberty -corner Fastest /home/iman/.ciel/sky130A/libs.ref/sky130_fd_sc_hd/lib/sky130_fd_sc_hd__ff_n40C_1v95.lib
Using 1e-12 for capacitance...
Using 1e+03 for resistance...
Using 1e-09 for time...
Using 1e+00 for voltage...
Using 1e-03 for current...
Using 1e-09 for power...
Using 1e-06 for distance...
Reading design constraints file at '/openlane/designs/picorv32/runs/RUN_2026.05.29_09.50.20/results/cts/picorv32.sdc'…
[INFO]: Setting RC values...
[INFO RSZ-0045] Inserted 30 buffers, 1 to split loads.
[INFO RSZ-0041] Resized 8 instances.
[WARNING RSZ-0062] Unable to repair all setup violations.
[INFO RSZ-0046] Found 1263 endpoints with hold violations.
[INFO RSZ-0032] Inserted 1277 hold buffers.
Placement Analysis
---------------------------------
total displacement       7675.0 u
average displacement        0.5 u
max displacement           14.8 u
original HPWL          419535.9 u
legalized HPWL         434727.3 u
delta HPWL                    4 %

[INFO DPL-0020] Mirrored 4649 instances
[INFO DPL-0021] HPWL before          434727.3 u
[INFO DPL-0022] HPWL after           424261.8 u
[INFO DPL-0023] HPWL delta               -2.4 %
Setting global connections for newly added cells…
Writing OpenROAD database to '/openlane/designs/picorv32/runs/RUN_2026.05.29_09.50.20/tmp/cts/14-picorv32.resized.odb'…
Writing netlist to '/openlane/designs/picorv32/runs/RUN_2026.05.29_09.50.20/tmp/cts/14-picorv32.resized.nl.v'…
Writing powered netlist to '/openlane/designs/picorv32/runs/RUN_2026.05.29_09.50.20/tmp/cts/14-picorv32.resized.pnl.v'…
Writing layout to '/openlane/designs/picorv32/runs/RUN_2026.05.29_09.50.20/tmp/cts/14-picorv32.resized.def'…
Writing timing constraints to '/openlane/designs/picorv32/runs/RUN_2026.05.29_09.50.20/tmp/cts/14-picorv32.resized.sdc'…
area_report

===========================================================================
report_design_area
============================================================================
Design area 121559 u^2 61% utilization.
area_report_end
