OpenROAD 41a51eaf4ca2171c92ff38afb91eb37bbd3f36da 
This program is licensed under the BSD-3 license. See the LICENSE file for details.
Components of this program may be licensed under more restrictive licenses which must be honored.
[INFO ODB-0222] Reading LEF file: /openlane/designs/picorv32/runs/RUN_2026.05.29_09.50.20/tmp/merged.nom.lef
[INFO ODB-0223]     Created 14 technology layers
[INFO ODB-0224]     Created 25 technology vias
[INFO ODB-0225]     Created 441 library cells
[INFO ODB-0226] Finished LEF file:  /openlane/designs/picorv32/runs/RUN_2026.05.29_09.50.20/tmp/merged.nom.lef
[INFO ODB-0127] Reading DEF file: /openlane/designs/picorv32/runs/RUN_2026.05.29_09.50.20/results/routing/picorv32.def
[INFO ODB-0128] Design: picorv32
[INFO ODB-0130]     Created 411 pins.
[INFO ODB-0131]     Created 26350 components and 136170 component-terminals.
[INFO ODB-0132]     Created 2 special nets and 99756 connections.
[INFO ODB-0133]     Created 11268 nets and 36308 connections.
[INFO ODB-0134] Finished DEF file: /openlane/designs/picorv32/runs/RUN_2026.05.29_09.50.20/results/routing/picorv32.def
Top-level design name: picorv32
Found default power net 'VPWR'
Found default ground net 'VGND'
Found 1 power ports.
Found 1 ground ports.
Modified power connections of 26350/26350 cells.
