
===========================================================================
 report_power
============================================================================
======================= Fastest Corner ===================================

Group                  Internal  Switching    Leakage      Total
                          Power      Power      Power      Power (Watts)
----------------------------------------------------------------
Sequential             8.59e-03   2.38e-03   2.45e-08   1.10e-02  25.3%
Combinational          1.29e-02   1.95e-02   1.06e-07   3.24e-02  74.7%
Macro                  0.00e+00   0.00e+00   0.00e+00   0.00e+00   0.0%
Pad                    0.00e+00   0.00e+00   0.00e+00   0.00e+00   0.0%
----------------------------------------------------------------
Total                  2.15e-02   2.19e-02   1.30e-07   4.34e-02 100.0%
                          49.5%      50.5%       0.0%

======================= Slowest Corner ===================================

Group                  Internal  Switching    Leakage      Total
                          Power      Power      Power      Power (Watts)
----------------------------------------------------------------
Sequential             5.80e-03   1.58e-03   2.37e-05   7.40e-03  24.9%
Combinational          9.30e-03   1.29e-02   5.63e-05   2.23e-02  75.1%
Macro                  0.00e+00   0.00e+00   0.00e+00   0.00e+00   0.0%
Pad                    0.00e+00   0.00e+00   0.00e+00   0.00e+00   0.0%
----------------------------------------------------------------
Total                  1.51e-02   1.45e-02   8.00e-05   2.97e-02 100.0%
                          50.9%      48.9%       0.3%

======================= Typical Corner ===================================

Group                  Internal  Switching    Leakage      Total
                          Power      Power      Power      Power (Watts)
----------------------------------------------------------------
Sequential             7.42e-03   2.01e-03   1.35e-08   9.43e-03  25.2%
Combinational          1.14e-02   1.65e-02   5.45e-08   2.79e-02  74.8%
Macro                  0.00e+00   0.00e+00   0.00e+00   0.00e+00   0.0%
Pad                    0.00e+00   0.00e+00   0.00e+00   0.00e+00   0.0%
----------------------------------------------------------------
Total                  1.89e-02   1.85e-02   6.81e-08   3.74e-02 100.0%
                          50.5%      49.5%       0.0%

