OpenROAD 41a51eaf4ca2171c92ff38afb91eb37bbd3f36da 
This program is licensed under the BSD-3 license. See the LICENSE file for details.
Components of this program may be licensed under more restrictive licenses which must be honored.
[INFO]: Reading ODB at '/openlane/designs/picorv32/runs/RUN_2026.05.29_09.50.20/tmp/placement/7-global.odb'…
define_corners Slowest Typical Fastest
read_liberty -corner Slowest /home/iman/.ciel/sky130A/libs.ref/sky130_fd_sc_hd/lib/sky130_fd_sc_hd__ss_100C_1v60.lib
read_liberty -corner Typical /home/iman/.ciel/sky130A/libs.ref/sky130_fd_sc_hd/lib/sky130_fd_sc_hd__tt_025C_1v80.lib
read_liberty -corner Fastest /home/iman/.ciel/sky130A/libs.ref/sky130_fd_sc_hd/lib/sky130_fd_sc_hd__ff_n40C_1v95.lib
Using 1e-12 for capacitance...
Using 1e+03 for resistance...
Using 1e-09 for time...
Using 1e+00 for voltage...
Using 1e-03 for current...
Using 1e-09 for power...
Using 1e-06 for distance...
Reading design constraints file at '/openlane/designs/picorv32/runs/RUN_2026.05.29_09.50.20/tmp/floorplan/3-initial_fp.sdc'…
[INFO]: Setting RC values...
[INFO RSZ-0027] Inserted 34 input buffers.
[INFO RSZ-0028] Inserted 201 output buffers.
[INFO RSZ-0058] Using max wire length 4508um.
[INFO RSZ-0034] Found 5 slew violations.
[INFO RSZ-0035] Found 7 fanout violations.
[INFO RSZ-0038] Inserted 12 buffers in 12 nets.
[INFO RSZ-0039] Resized 9132 instances.
[INFO RSZ-0042] Inserted 106 tie sky130_fd_sc_hd__conb_1 instances.
Placement Analysis
---------------------------------
total displacement      24325.5 u
average displacement        1.9 u
max displacement           19.9 u
original HPWL          383378.7 u
legalized HPWL         405700.7 u
delta HPWL                    6 %

[INFO DPL-0020] Mirrored 3366 instances
[INFO DPL-0021] HPWL before          405700.7 u
[INFO DPL-0022] HPWL after           398543.8 u
[INFO DPL-0023] HPWL delta               -1.8 %
Setting global connections for newly added cells…
Writing OpenROAD database to '/openlane/designs/picorv32/runs/RUN_2026.05.29_09.50.20/tmp/placement/9-resizer.odb'…
Writing netlist to '/openlane/designs/picorv32/runs/RUN_2026.05.29_09.50.20/tmp/placement/9-resizer.nl.v'…
Writing powered netlist to '/openlane/designs/picorv32/runs/RUN_2026.05.29_09.50.20/tmp/placement/9-resizer.pnl.v'…
Writing layout to '/openlane/designs/picorv32/runs/RUN_2026.05.29_09.50.20/tmp/placement/9-resizer.def'…
Writing timing constraints to '/openlane/designs/picorv32/runs/RUN_2026.05.29_09.50.20/tmp/placement/9-resizer.sdc'…
area_report

===========================================================================
report_design_area
============================================================================
Design area 103622 u^2 52% utilization.
area_report_end
