%Warning-UNUSEDSIGNAL: /openlane/designs/picorv32/src/picorv32.v:181:13: Signal is not used: 'dbg_insn_addr'
                                                                       : ... In instance picorv32
  181 |  reg [31:0] dbg_insn_addr;
      |             ^~~~~~~~~~~~~
                       ... For warning description see https://verilator.org/warn/UNUSEDSIGNAL?v=5.009
                       ... Use "/* verilator lint_off UNUSEDSIGNAL */" and lint_on around source to disable this message.
%Warning-UNUSEDSIGNAL: /openlane/designs/picorv32/src/picorv32.v:183:7: Signal is not used: 'dbg_mem_valid'
                                                                      : ... In instance picorv32
  183 |  wire dbg_mem_valid = mem_valid;
      |       ^~~~~~~~~~~~~
%Warning-UNUSEDSIGNAL: /openlane/designs/picorv32/src/picorv32.v:184:7: Signal is not used: 'dbg_mem_instr'
                                                                      : ... In instance picorv32
  184 |  wire dbg_mem_instr = mem_instr;
      |       ^~~~~~~~~~~~~
%Warning-UNUSEDSIGNAL: /openlane/designs/picorv32/src/picorv32.v:185:7: Signal is not used: 'dbg_mem_ready'
                                                                      : ... In instance picorv32
  185 |  wire dbg_mem_ready = mem_ready;
      |       ^~~~~~~~~~~~~
%Warning-UNUSEDSIGNAL: /openlane/designs/picorv32/src/picorv32.v:186:14: Signal is not used: 'dbg_mem_addr'
                                                                       : ... In instance picorv32
  186 |  wire [31:0] dbg_mem_addr  = mem_addr;
      |              ^~~~~~~~~~~~
%Warning-UNUSEDSIGNAL: /openlane/designs/picorv32/src/picorv32.v:187:14: Signal is not used: 'dbg_mem_wdata'
                                                                       : ... In instance picorv32
  187 |  wire [31:0] dbg_mem_wdata = mem_wdata;
      |              ^~~~~~~~~~~~~
%Warning-UNUSEDSIGNAL: /openlane/designs/picorv32/src/picorv32.v:188:14: Signal is not used: 'dbg_mem_wstrb'
                                                                       : ... In instance picorv32
  188 |  wire [ 3:0] dbg_mem_wstrb = mem_wstrb;
      |              ^~~~~~~~~~~~~
%Warning-UNUSEDSIGNAL: /openlane/designs/picorv32/src/picorv32.v:189:14: Signal is not used: 'dbg_mem_rdata'
                                                                       : ... In instance picorv32
  189 |  wire [31:0] dbg_mem_rdata = mem_rdata;
      |              ^~~~~~~~~~~~~
%Warning-UNUSEDSIGNAL: /openlane/designs/picorv32/src/picorv32.v:375:7: Signal is not used: 'mem_busy'
                                                                      : ... In instance picorv32
  375 |  wire mem_busy = |{mem_do_prefetch, mem_do_rinst, mem_do_rdata, mem_do_wdata};
      |       ^~~~~~~~
%Warning-UNUSEDSIGNAL: /openlane/designs/picorv32/src/picorv32.v:696:14: Signal is not used: 'dbg_rs1val'
                                                                       : ... In instance picorv32
  696 |   reg [31:0] dbg_rs1val;
      |              ^~~~~~~~~~
%Warning-UNUSEDSIGNAL: /openlane/designs/picorv32/src/picorv32.v:697:14: Signal is not used: 'dbg_rs2val'
                                                                       : ... In instance picorv32
  697 |   reg [31:0] dbg_rs2val;
      |              ^~~~~~~~~~
%Warning-UNUSEDSIGNAL: /openlane/designs/picorv32/src/picorv32.v:698:7: Signal is not used: 'dbg_rs1val_valid'
                                                                      : ... In instance picorv32
  698 |   reg dbg_rs1val_valid;
      |       ^~~~~~~~~~~~~~~~
%Warning-UNUSEDSIGNAL: /openlane/designs/picorv32/src/picorv32.v:699:7: Signal is not used: 'dbg_rs2val_valid'
                                                                      : ... In instance picorv32
  699 |   reg dbg_rs2val_valid;
      |       ^~~~~~~~~~~~~~~~
%Warning-UNUSEDSIGNAL: /openlane/designs/picorv32/src/picorv32.v:769:6: Signal is not used: 'dbg_valid_insn'
                                                                      : ... In instance picorv32
  769 |  reg dbg_valid_insn;
      |      ^~~~~~~~~~~~~~
%Warning-UNUSEDSIGNAL: /openlane/designs/picorv32/src/picorv32.v:1184:15: Signal is not used: 'dbg_ascii_state'
                                                                        : ... In instance picorv32
 1184 |   reg [127:0] dbg_ascii_state;
      |               ^~~~~~~~~~~~~~~
%Warning-BLKSEQ: /openlane/designs/picorv32/src/picorv32.v:1406:20: Blocking assignment '=' in sequential logic process
                                                                  : ... Suggest using delayed assignment '<='
 1406 |   set_mem_do_rinst = 0;
      |                    ^
%Warning-BLKSEQ: /openlane/designs/picorv32/src/picorv32.v:1407:20: Blocking assignment '=' in sequential logic process
                                                                  : ... Suggest using delayed assignment '<='
 1407 |   set_mem_do_rdata = 0;
      |                    ^
%Warning-BLKSEQ: /openlane/designs/picorv32/src/picorv32.v:1408:20: Blocking assignment '=' in sequential logic process
                                                                  : ... Suggest using delayed assignment '<='
 1408 |   set_mem_do_wdata = 0;
      |                    ^
%Warning-BLKSEQ: /openlane/designs/picorv32/src/picorv32.v:1440:20: Blocking assignment '=' in sequential logic process
                                                                  : ... Suggest using delayed assignment '<='
 1440 |   next_irq_pending = ENABLE_IRQ ? irq_pending & LATCHED_IRQ : 'bx;
      |                    ^
%Warning-BLKSEQ: /openlane/designs/picorv32/src/picorv32.v:1495:16: Blocking assignment '=' in sequential logic process
                                                                  : ... Suggest using delayed assignment '<='
 1495 |     current_pc = reg_next_pc;
      |                ^
%Warning-BLKSEQ: /openlane/designs/picorv32/src/picorv32.v:1500:18: Blocking assignment '=' in sequential logic process
                                                                  : ... Suggest using delayed assignment '<='
 1500 |       current_pc = latched_store ? (latched_stalu ? alu_out_q : reg_out) & ~1 : reg_next_pc;
      |                  ^
%Warning-BLKSEQ: /openlane/designs/picorv32/src/picorv32.v:1819:24: Blocking assignment '=' in sequential logic process
                                                                  : ... Suggest using delayed assignment '<='
 1819 |       set_mem_do_rinst = 1;
      |                        ^
%Warning-BLKSEQ: /openlane/designs/picorv32/src/picorv32.v:1870:24: Blocking assignment '=' in sequential logic process
                                                                  : ... Suggest using delayed assignment '<='
 1870 |       set_mem_do_wdata = 1;
      |                        ^
%Warning-BLKSEQ: /openlane/designs/picorv32/src/picorv32.v:1898:24: Blocking assignment '=' in sequential logic process
                                                                  : ... Suggest using delayed assignment '<='
 1898 |       set_mem_do_rdata = 1;
      |                        ^
%Warning-BLKSEQ: /openlane/designs/picorv32/src/picorv32.v:1474:21: Blocking assignment '=' in sequential logic process
                                                                  : ... Suggest using delayed assignment '<='
 1474 |    next_irq_pending = 0;
      |                     ^
%Warning-BLKSEQ: /openlane/designs/picorv32/src/picorv32.v:1974:14: Blocking assignment '=' in sequential logic process
                                                                  : ... Suggest using delayed assignment '<='
 1974 |   current_pc = 'bx;
      |              ^
