
===========================================================================
 report_power
============================================================================
======================= Fastest Corner ===================================

Group                  Internal  Switching    Leakage      Total
                          Power      Power      Power      Power (Watts)
----------------------------------------------------------------
Sequential             8.60e-03   2.06e-03   2.45e-08   1.07e-02  26.2%
Combinational          1.29e-02   1.71e-02   1.06e-07   3.00e-02  73.8%
Macro                  0.00e+00   0.00e+00   0.00e+00   0.00e+00   0.0%
Pad                    0.00e+00   0.00e+00   0.00e+00   0.00e+00   0.0%
----------------------------------------------------------------
Total                  2.15e-02   1.91e-02   1.30e-07   4.06e-02 100.0%
                          52.9%      47.1%       0.0%

======================= Slowest Corner ===================================

Group                  Internal  Switching    Leakage      Total
                          Power      Power      Power      Power (Watts)
----------------------------------------------------------------
Sequential             5.81e-03   1.36e-03   2.37e-05   7.19e-03  25.9%
Combinational          9.29e-03   1.13e-02   5.63e-05   2.06e-02  74.1%
Macro                  0.00e+00   0.00e+00   0.00e+00   0.00e+00   0.0%
Pad                    0.00e+00   0.00e+00   0.00e+00   0.00e+00   0.0%
----------------------------------------------------------------
Total                  1.51e-02   1.26e-02   8.00e-05   2.78e-02 100.0%
                          54.3%      45.4%       0.3%

======================= Typical Corner ===================================

Group                  Internal  Switching    Leakage      Total
                          Power      Power      Power      Power (Watts)
----------------------------------------------------------------
Sequential             7.43e-03   1.74e-03   1.35e-08   9.16e-03  26.2%
Combinational          1.14e-02   1.44e-02   5.45e-08   2.58e-02  73.8%
Macro                  0.00e+00   0.00e+00   0.00e+00   0.00e+00   0.0%
Pad                    0.00e+00   0.00e+00   0.00e+00   0.00e+00   0.0%
----------------------------------------------------------------
Total                  1.88e-02   1.62e-02   6.81e-08   3.50e-02 100.0%
                          53.8%      46.2%       0.0%

