OpenROAD 41a51eaf4ca2171c92ff38afb91eb37bbd3f36da 
This program is licensed under the BSD-3 license. See the LICENSE file for details.
Components of this program may be licensed under more restrictive licenses which must be honored.
[INFO]: Reading ODB at '/openlane/designs/picorv32/runs/RUN_2026.05.29_09.50.20/tmp/15-picorv32.odb'…
define_corners Slowest Typical Fastest
read_liberty -corner Slowest /home/iman/.ciel/sky130A/libs.ref/sky130_fd_sc_hd/lib/sky130_fd_sc_hd__ss_100C_1v60.lib
read_liberty -corner Typical /home/iman/.ciel/sky130A/libs.ref/sky130_fd_sc_hd/lib/sky130_fd_sc_hd__tt_025C_1v80.lib
read_liberty -corner Fastest /home/iman/.ciel/sky130A/libs.ref/sky130_fd_sc_hd/lib/sky130_fd_sc_hd__ff_n40C_1v95.lib
Using 1e-12 for capacitance...
Using 1e+03 for resistance...
Using 1e-09 for time...
Using 1e+00 for voltage...
Using 1e-03 for current...
Using 1e-09 for power...
Using 1e-06 for distance...
Reading design constraints file at '/openlane/designs/picorv32/runs/RUN_2026.05.29_09.50.20/tmp/15-picorv32.sdc'…
[INFO]: Setting signal min routing layer to: met1 and clock min routing layer to met3. 
[INFO]: Setting signal max routing layer to: met5 and clock max routing layer to met5. 
-congestion_iterations 50 -verbose -congestion_report_file /openlane/designs/picorv32/runs/RUN_2026.05.29_09.50.20/tmp/routing/resizer-routing-timing-congestion.rpt
[INFO GRT-0020] Min routing layer: met1
[INFO GRT-0021] Max routing layer: met5
[INFO GRT-0022] Global adjustment: 30%
[INFO GRT-0023] Grid origin: (0, 0)
[INFO GRT-0043] No OR_DEFAULT vias defined.
[INFO GRT-0088] Layer li1     Track-Pitch = 0.4600  line-2-Via Pitch: 0.3400
[INFO GRT-0088] Layer met1    Track-Pitch = 0.3400  line-2-Via Pitch: 0.3400
[INFO GRT-0088] Layer met2    Track-Pitch = 0.4600  line-2-Via Pitch: 0.3500
[INFO GRT-0088] Layer met3    Track-Pitch = 0.6800  line-2-Via Pitch: 0.6150
[INFO GRT-0088] Layer met4    Track-Pitch = 0.9200  line-2-Via Pitch: 1.0400
[INFO GRT-0088] Layer met5    Track-Pitch = 3.4000  line-2-Via Pitch: 3.1100
[INFO GRT-0019] Found 203 clock nets.
[INFO GRT-0001] Minimum degree: 2
[INFO GRT-0002] Maximum degree: 17
[INFO GRT-0003] Macros: 0
[INFO GRT-0004] Blockages: 29401

[INFO GRT-0053] Routing resources analysis:
          Routing      Original      Derated      Resource
Layer     Direction    Resources     Resources    Reduction (%)
---------------------------------------------------------------
li1        Vertical            0             0          0.00%
met1       Horizontal      89760         43258          51.81%
met2       Vertical        67320         44921          33.27%
met3       Horizontal      44880         31013          30.90%
met4       Vertical        26928         17442          35.23%
met5       Horizontal       8976          4290          52.21%
---------------------------------------------------------------

[INFO GRT-0101] Running extra iterations to remove overflow.
[INFO GRT-0197] Via related to pin nodes: 48022
[INFO GRT-0198] Via related Steiner nodes: 2184
[INFO GRT-0199] Via filling finished.
[INFO GRT-0111] Final number of vias: 56702
[INFO GRT-0112] Final usage 3D: 244210

[INFO GRT-0096] Final congestion report:
Layer         Resource        Demand        Usage (%)    Max H / Max V / Total Overflow
---------------------------------------------------------------------------------------
li1                  0             0            0.00%             0 /  0 /  0
met1             43258         24817           57.37%             0 /  0 /  0
met2             44921         29209           65.02%             0 /  0 /  0
met3             31013         10460           33.73%             0 /  0 /  0
met4             17442          8738           50.10%             0 /  0 /  0
met5              4290           880           20.51%             0 /  0 /  0
---------------------------------------------------------------------------------------
Total           140924         74104           52.58%             0 /  0 /  0

[INFO GRT-0018] Total wirelength: 706842 um
[INFO GRT-0014] Routed nets: 11198
[INFO]: Setting RC values...
[INFO GRT-0009] rerouting 5 nets.
[INFO GRT-0009] rerouting 7 nets.
[INFO GRT-0001] Minimum degree: 4
[INFO GRT-0002] Maximum degree: 4
[INFO GRT-0009] rerouting 2 nets.
[INFO GRT-0001] Minimum degree: 3
[INFO GRT-0002] Maximum degree: 5
[INFO GRT-0009] rerouting 5 nets.
[INFO GRT-0009] rerouting 10 nets.
[INFO GRT-0001] Minimum degree: 7
[INFO GRT-0002] Maximum degree: 7
[INFO GRT-0009] rerouting 5 nets.
[INFO GRT-0009] rerouting 10 nets.
[INFO GRT-0009] rerouting 13 nets.
[INFO GRT-0009] rerouting 16 nets.
[INFO GRT-0009] rerouting 21 nets.
[INFO GRT-0001] Minimum degree: 4
[INFO GRT-0002] Maximum degree: 7
[INFO GRT-0009] rerouting 2 nets.
[INFO GRT-0001] Minimum degree: 3
[INFO GRT-0002] Maximum degree: 6
[INFO RSZ-0040] Inserted 3 buffers.
[INFO RSZ-0041] Resized 8 instances.
[WARNING RSZ-0062] Unable to repair all setup violations.
[INFO RSZ-0033] No hold violations found.
Placement Analysis
---------------------------------
total displacement         25.3 u
average displacement        0.0 u
max displacement            5.5 u
original HPWL          425085.7 u
legalized HPWL         435726.0 u
delta HPWL                    3 %

[INFO DPL-0020] Mirrored 4658 instances
[INFO DPL-0021] HPWL before          435726.0 u
[INFO DPL-0022] HPWL after           425107.1 u
[INFO DPL-0023] HPWL delta               -2.4 %
Setting global connections for newly added cells…
Writing OpenROAD database to '/openlane/designs/picorv32/runs/RUN_2026.05.29_09.50.20/tmp/17-picorv32.odb'…
Writing netlist to '/openlane/designs/picorv32/runs/RUN_2026.05.29_09.50.20/tmp/17-picorv32.nl.v'…
Writing powered netlist to '/openlane/designs/picorv32/runs/RUN_2026.05.29_09.50.20/tmp/17-picorv32.pnl.v'…
Writing layout to '/openlane/designs/picorv32/runs/RUN_2026.05.29_09.50.20/tmp/17-picorv32.def'…
Writing timing constraints to '/openlane/designs/picorv32/runs/RUN_2026.05.29_09.50.20/tmp/17-picorv32.sdc'…
area_report

===========================================================================
report_design_area
============================================================================
Design area 122782 u^2 61% utilization.
area_report_end
