OpenROAD 41a51eaf4ca2171c92ff38afb91eb37bbd3f36da 
This program is licensed under the BSD-3 license. See the LICENSE file for details.
Components of this program may be licensed under more restrictive licenses which must be honored.
[INFO]: Reading ODB at '/openlane/designs/picorv32/runs/RUN_2026.05.29_09.50.20/tmp/routing/22-fill.odb'…
define_corners Typical
read_liberty -corner Typical /home/iman/.ciel/sky130A/libs.ref/sky130_fd_sc_hd/lib/sky130_fd_sc_hd__tt_025C_1v80.lib
Using 1e-12 for capacitance...
Using 1e+03 for resistance...
Using 1e-09 for time...
Using 1e+00 for voltage...
Using 1e-03 for current...
Using 1e-09 for power...
Using 1e-06 for distance...
Reading design constraints file at '/openlane/designs/picorv32/runs/RUN_2026.05.29_09.50.20/tmp/17-picorv32.sdc'…
[INFO ORD-0030] Using 2 thread(s).
[INFO DRT-0149] Reading tech and libs.

Units:                1000
Number of layers:     13
Number of macros:     441
Number of vias:       25
Number of viarulegen: 25

[INFO DRT-0150] Reading design.

Design:                   picorv32
Die area:                 ( 0 0 ) ( 459080 469800 )
Number of track patterns: 12
Number of DEF vias:       0
Number of components:     26350
Number of terminals:      411
Number of snets:          2
Number of nets:           11268

[INFO DRT-0167] List of default vias:
  Layer mcon
    default via: L1M1_PR
  Layer via
    default via: M1M2_PR
  Layer via2
    default via: M2M3_PR
  Layer via3
    default via: M3M4_PR
  Layer via4
    default via: M4M5_PR
[INFO DRT-0162] Library cell analysis.
[INFO DRT-0163] Instance analysis.
  Complete 10000 instances.
  Complete 20000 instances.
[INFO DRT-0164] Number of unique instances = 248.
[INFO DRT-0168] Init region query.
[INFO DRT-0018]   Complete 10000 insts.
[INFO DRT-0018]   Complete 20000 insts.
[INFO DRT-0024]   Complete FR_MASTERSLICE.
[INFO DRT-0024]   Complete licon.
[INFO DRT-0024]   Complete li1.
[INFO DRT-0024]   Complete mcon.
[INFO DRT-0024]   Complete met1.
[INFO DRT-0024]   Complete via.
[INFO DRT-0024]   Complete met2.
[INFO DRT-0024]   Complete via2.
[INFO DRT-0024]   Complete met3.
[INFO DRT-0024]   Complete via3.
[INFO DRT-0024]   Complete met4.
[INFO DRT-0024]   Complete via4.
[INFO DRT-0024]   Complete met5.
[INFO DRT-0033] FR_MASTERSLICE shape region query size = 0.
[INFO DRT-0033] licon shape region query size = 0.
[INFO DRT-0033] li1 shape region query size = 414367.
[INFO DRT-0033] mcon shape region query size = 57288.
[INFO DRT-0033] met1 shape region query size = 82914.
[INFO DRT-0033] via shape region query size = 2475.
[INFO DRT-0033] met2 shape region query size = 1694.
[INFO DRT-0033] via2 shape region query size = 1980.
[INFO DRT-0033] met3 shape region query size = 1685.
[INFO DRT-0033] via3 shape region query size = 1980.
[INFO DRT-0033] met4 shape region query size = 525.
[INFO DRT-0033] via4 shape region query size = 18.
[INFO DRT-0033] met5 shape region query size = 30.
[INFO DRT-0165] Start pin access.
[INFO DRT-0076]   Complete 100 pins.
[INFO DRT-0076]   Complete 200 pins.
[INFO DRT-0076]   Complete 300 pins.
[INFO DRT-0076]   Complete 400 pins.
[INFO DRT-0076]   Complete 500 pins.
[INFO DRT-0076]   Complete 600 pins.
[INFO DRT-0076]   Complete 700 pins.
[INFO DRT-0076]   Complete 800 pins.
[INFO DRT-0076]   Complete 900 pins.
[INFO DRT-0078]   Complete 921 pins.
[INFO DRT-0079]   Complete 100 unique inst patterns.
[INFO DRT-0079]   Complete 200 unique inst patterns.
[INFO DRT-0081]   Complete 230 unique inst patterns.
[INFO DRT-0082]   Complete 1000 groups.
[INFO DRT-0082]   Complete 2000 groups.
[INFO DRT-0082]   Complete 3000 groups.
[INFO DRT-0082]   Complete 4000 groups.
[INFO DRT-0082]   Complete 5000 groups.
[INFO DRT-0082]   Complete 6000 groups.
[INFO DRT-0084]   Complete 6964 groups.
#scanned instances     = 26350
#unique  instances     = 248
#stdCellGenAp          = 6789
#stdCellValidPlanarAp  = 42
#stdCellValidViaAp     = 5308
#stdCellPinNoAp        = 0
#stdCellPinCnt         = 36023
#instTermValidViaApCnt = 0
#macroGenAp            = 0
#macroValidPlanarAp    = 0
#macroValidViaAp       = 0
#macroNoAp             = 0
[INFO DRT-0166] Complete pin access.
[INFO DRT-0267] cpu time = 00:03:28, elapsed time = 00:01:44, memory = 243.49 (MB), peak = 250.60 (MB)

Number of guides:     92587

[INFO DRT-0169] Post process guides.
[INFO DRT-0176] GCELLGRID X 0 DO 66 STEP 6900 ;
[INFO DRT-0177] GCELLGRID Y 0 DO 68 STEP 6900 ;
[INFO DRT-0026]   Complete 10000 origin guides.
[INFO DRT-0026]   Complete 20000 origin guides.
[INFO DRT-0026]   Complete 30000 origin guides.
[INFO DRT-0026]   Complete 40000 origin guides.
[INFO DRT-0026]   Complete 50000 origin guides.
[INFO DRT-0026]   Complete 60000 origin guides.
[INFO DRT-0026]   Complete 70000 origin guides.
[INFO DRT-0026]   Complete 80000 origin guides.
[INFO DRT-0026]   Complete 90000 origin guides.
[INFO DRT-0028]   Complete FR_MASTERSLICE.
[INFO DRT-0028]   Complete licon.
[INFO DRT-0028]   Complete li1.
[INFO DRT-0028]   Complete mcon.
[INFO DRT-0028]   Complete met1.
[INFO DRT-0028]   Complete via.
[INFO DRT-0028]   Complete met2.
[INFO DRT-0028]   Complete via2.
[INFO DRT-0028]   Complete met3.
[INFO DRT-0028]   Complete via3.
[INFO DRT-0028]   Complete met4.
[INFO DRT-0028]   Complete via4.
[INFO DRT-0028]   Complete met5.
  complete 10000 nets.
[INFO DRT-0178] Init guide query.
[INFO DRT-0029]   Complete 10000 nets (guide).
[INFO DRT-0035]   Complete FR_MASTERSLICE (guide).
[INFO DRT-0035]   Complete licon (guide).
[INFO DRT-0035]   Complete li1 (guide).
[INFO DRT-0035]   Complete mcon (guide).
[INFO DRT-0035]   Complete met1 (guide).
[INFO DRT-0035]   Complete via (guide).
[INFO DRT-0035]   Complete met2 (guide).
[INFO DRT-0035]   Complete via2 (guide).
[INFO DRT-0035]   Complete met3 (guide).
[INFO DRT-0035]   Complete via3 (guide).
[INFO DRT-0035]   Complete met4 (guide).
[INFO DRT-0035]   Complete via4 (guide).
[INFO DRT-0035]   Complete met5 (guide).
[INFO DRT-0036] FR_MASTERSLICE guide region query size = 0.
[INFO DRT-0036] licon guide region query size = 0.
[INFO DRT-0036] li1 guide region query size = 30208.
[INFO DRT-0036] mcon guide region query size = 0.
[INFO DRT-0036] met1 guide region query size = 24251.
[INFO DRT-0036] via guide region query size = 0.
[INFO DRT-0036] met2 guide region query size = 14014.
[INFO DRT-0036] via2 guide region query size = 0.
[INFO DRT-0036] met3 guide region query size = 2794.
[INFO DRT-0036] via3 guide region query size = 0.
[INFO DRT-0036] met4 guide region query size = 1103.
[INFO DRT-0036] via4 guide region query size = 0.
[INFO DRT-0036] met5 guide region query size = 46.
[INFO DRT-0179] Init gr pin query.
[INFO DRT-0245] skipped writing guide updates to database.
[INFO DRT-0185] Post process initialize RPin region query.
[INFO DRT-0181] Start track assignment.
[INFO DRT-0184] Done with 45325 vertical wires in 2 frboxes and 27091 horizontal wires in 2 frboxes.
[INFO DRT-0186] Done with 5822 vertical wires in 2 frboxes and 9029 horizontal wires in 2 frboxes.
[INFO DRT-0182] Complete track assignment.
[INFO DRT-0267] cpu time = 00:00:10, elapsed time = 00:00:08, memory = 372.43 (MB), peak = 389.25 (MB)
[INFO DRT-0187] Start routing data preparation.
[INFO DRT-0267] cpu time = 00:00:00, elapsed time = 00:00:00, memory = 372.43 (MB), peak = 389.25 (MB)
[INFO DRT-0194] Start detail routing.
[INFO DRT-0195] Start 0th optimization iteration.
    Completing 10% with 0 violations.
    elapsed time = 00:00:28, memory = 566.22 (MB).
    Completing 20% with 0 violations.
    elapsed time = 00:01:08, memory = 858.62 (MB).
    Completing 30% with 2293 violations.
    elapsed time = 00:01:45, memory = 702.80 (MB).
    Completing 40% with 2293 violations.
    elapsed time = 00:02:14, memory = 839.50 (MB).
    Completing 50% with 2293 violations.
    elapsed time = 00:02:51, memory = 988.39 (MB).
    Completing 60% with 4375 violations.
    elapsed time = 00:03:42, memory = 814.96 (MB).
    Completing 70% with 4375 violations.
    elapsed time = 00:04:25, memory = 957.00 (MB).
    Completing 80% with 6382 violations.
    elapsed time = 18:56:24, memory = 737.58 (MB).
    Completing 90% with 6382 violations.
    elapsed time = 18:57:47, memory = 832.36 (MB).
    Completing 100% with 8660 violations.
    elapsed time = 18:58:11, memory = 674.34 (MB).
[INFO DRT-0199]   Number of violations = 11170.
Viol/Layer         li1   mcon   met1   met2   met3   met4   met5
Cut Spacing          0      8      0      0      0      0      0
Metal Spacing       81      0   1167    292     50      9      0
Min Hole             0      0      6      0      0      0      0
NS Metal             3      0      0      0      0      0      0
Recheck              0      0   1428    825    182     72      3
Short                0      1   5769   1194     72      8      0
[INFO DRT-0267] cpu time = 00:12:14, elapsed time = 18:58:12, memory = 732.91 (MB), peak = 989.25 (MB)
Total wire length = 547197 um.
Total wire length on LAYER li1 = 0 um.
Total wire length on LAYER met1 = 190953 um.
Total wire length on LAYER met2 = 208759 um.
Total wire length on LAYER met3 = 82711 um.
Total wire length on LAYER met4 = 59785 um.
Total wire length on LAYER met5 = 4986 um.
Total number of vias = 84397.
Up-via summary (total 84397):.

------------------------
 FR_MASTERSLICE        0
            li1    36300
           met1    41947
           met2     4196
           met3     1874
           met4       80
------------------------
                   84397


[INFO DRT-0195] Start 1st optimization iteration.
    Completing 10% with 11170 violations.
    elapsed time = 00:00:24, memory = 855.92 (MB).
    Completing 20% with 11170 violations.
    elapsed time = 00:01:00, memory = 982.04 (MB).
    Completing 30% with 9682 violations.
    elapsed time = 00:01:35, memory = 793.68 (MB).
    Completing 40% with 9682 violations.
    elapsed time = 00:02:11, memory = 928.92 (MB).
    Completing 50% with 9682 violations.
    elapsed time = 00:02:44, memory = 1064.70 (MB).
    Completing 60% with 8445 violations.
    elapsed time = 00:03:25, memory = 884.66 (MB).
    Completing 70% with 8445 violations.
    elapsed time = 00:04:03, memory = 1032.72 (MB).
    Completing 80% with 7039 violations.
    elapsed time = 00:04:35, memory = 843.14 (MB).
    Completing 90% with 7039 violations.
    elapsed time = 00:05:15, memory = 957.95 (MB).
    Completing 100% with 5712 violations.
    elapsed time = 00:05:41, memory = 739.69 (MB).
[INFO DRT-0199]   Number of violations = 7338.
Viol/Layer        mcon   met1    via   met2   met3   met4
Cut Spacing          4      0      0      0      0      0
Metal Spacing        0    695      0    178     20      4
Recheck              0      5      0      0   1621      0
Short                0   4278      1    505     22      5
[INFO DRT-0267] cpu time = 00:11:03, elapsed time = 00:05:42, memory = 771.65 (MB), peak = 1081.03 (MB)
Total wire length = 543812 um.
Total wire length on LAYER li1 = 0 um.
Total wire length on LAYER met1 = 189616 um.
Total wire length on LAYER met2 = 207178 um.
Total wire length on LAYER met3 = 82762 um.
Total wire length on LAYER met4 = 59418 um.
Total wire length on LAYER met5 = 4836 um.
Total number of vias = 84029.
Up-via summary (total 84029):.

------------------------
 FR_MASTERSLICE        0
            li1    36285
           met1    41610
           met2     4256
           met3     1803
           met4       75
------------------------
                   84029


[INFO DRT-0195] Start 2nd optimization iteration.
    Completing 10% with 7338 violations.
    elapsed time = 00:00:26, memory = 855.88 (MB).
    Completing 20% with 7338 violations.
    elapsed time = 00:01:13, memory = 988.89 (MB).
    Completing 30% with 6823 violations.
    elapsed time = 00:01:29, memory = 739.73 (MB).
    Completing 40% with 6823 violations.
    elapsed time = 00:02:07, memory = 911.40 (MB).
    Completing 50% with 6823 violations.
    elapsed time = 00:02:44, memory = 1063.24 (MB).
    Completing 60% with 6828 violations.
    elapsed time = 00:03:07, memory = 818.64 (MB).
    Completing 70% with 6828 violations.
    elapsed time = 00:03:38, memory = 908.16 (MB).
    Completing 80% with 6284 violations.
    elapsed time = 00:04:13, memory = 792.66 (MB).
    Completing 90% with 6284 violations.
    elapsed time = 00:04:53, memory = 940.13 (MB).
    Completing 100% with 5596 violations.
    elapsed time = 00:05:29, memory = 739.69 (MB).
[INFO DRT-0199]   Number of violations = 6260.
Viol/Layer        mcon   met1    via   met2   met3   met4
Cut Spacing          6      0      0      0      0      0
Metal Spacing        0    668      0    185     17      1
Recheck              0      1      0      3    660      0
Short                0   4175      2    524     16      2
[INFO DRT-0267] cpu time = 00:10:45, elapsed time = 00:05:30, memory = 771.51 (MB), peak = 1145.72 (MB)
Total wire length = 542567 um.
Total wire length on LAYER li1 = 0 um.
Total wire length on LAYER met1 = 189160 um.
Total wire length on LAYER met2 = 206576 um.
Total wire length on LAYER met3 = 82690 um.
Total wire length on LAYER met4 = 59353 um.
Total wire length on LAYER met5 = 4786 um.
Total number of vias = 83629.
Up-via summary (total 83629):.

------------------------
 FR_MASTERSLICE        0
            li1    36285
           met1    41216
           met2     4257
           met3     1800
           met4       71
------------------------
                   83629


[INFO DRT-0195] Start 3rd optimization iteration.
    Completing 10% with 6260 violations.
    elapsed time = 00:00:26, memory = 923.12 (MB).
    Completing 20% with 6260 violations.
    elapsed time = 00:01:10, memory = 1141.02 (MB).
    Completing 30% with 4986 violations.
    elapsed time = 00:01:51, memory = 872.92 (MB).
    Completing 40% with 4986 violations.
    elapsed time = 00:02:21, memory = 947.50 (MB).
    Completing 50% with 4986 violations.
    elapsed time = 00:02:54, memory = 1083.81 (MB).
    Completing 60% with 3496 violations.
    elapsed time = 00:03:36, memory = 954.07 (MB).
    Completing 70% with 3496 violations.
    elapsed time = 00:04:08, memory = 1114.96 (MB).
    Completing 80% with 2472 violations.
    elapsed time = 00:04:36, memory = 818.50 (MB).
    Completing 90% with 2472 violations.
    elapsed time = 00:05:19, memory = 1040.96 (MB).
    Completing 100% with 1171 violations.
    elapsed time = 00:05:43, memory = 741.88 (MB).
[INFO DRT-0199]   Number of violations = 1171.
Viol/Layer        mcon   met1    via   met2   met3
Cut Spacing          1      0      1      0      0
Metal Spacing        0    313      0     57      0
Short                0    733      1     64      1
[INFO DRT-0267] cpu time = 00:11:06, elapsed time = 00:05:44, memory = 759.04 (MB), peak = 1189.09 (MB)
Total wire length = 542221 um.
Total wire length on LAYER li1 = 0 um.
Total wire length on LAYER met1 = 175828 um.
Total wire length on LAYER met2 = 205988 um.
Total wire length on LAYER met3 = 95038 um.
Total wire length on LAYER met4 = 60560 um.
Total wire length on LAYER met5 = 4805 um.
Total number of vias = 86031.
Up-via summary (total 86031):.

------------------------
 FR_MASTERSLICE        0
            li1    36285
           met1    42052
           met2     5719
           met3     1903
           met4       72
------------------------
                   86031


[INFO DRT-0195] Start 4th optimization iteration.
    Completing 10% with 1171 violations.
    elapsed time = 00:00:09, memory = 808.39 (MB).
    Completing 20% with 1171 violations.
    elapsed time = 00:00:19, memory = 979.70 (MB).
    Completing 30% with 925 violations.
    elapsed time = 00:00:26, memory = 815.88 (MB).
    Completing 40% with 925 violations.
    elapsed time = 00:00:35, memory = 916.14 (MB).
    Completing 50% with 925 violations.
    elapsed time = 00:00:52, memory = 961.78 (MB).
    Completing 60% with 654 violations.
    elapsed time = 00:01:02, memory = 859.87 (MB).
    Completing 70% with 654 violations.
    elapsed time = 00:01:12, memory = 957.61 (MB).
    Completing 80% with 405 violations.
    elapsed time = 00:01:25, memory = 877.22 (MB).
    Completing 90% with 405 violations.
    elapsed time = 00:01:32, memory = 967.42 (MB).
    Completing 100% with 210 violations.
    elapsed time = 00:01:42, memory = 741.88 (MB).
[INFO DRT-0199]   Number of violations = 210.
Viol/Layer        met1   met2
Metal Spacing       74     18
Min Hole             1      1
Short              110      6
[INFO DRT-0267] cpu time = 00:03:15, elapsed time = 00:01:42, memory = 746.25 (MB), peak = 1189.09 (MB)
Total wire length = 542130 um.
Total wire length on LAYER li1 = 0 um.
Total wire length on LAYER met1 = 174886 um.
Total wire length on LAYER met2 = 205763 um.
Total wire length on LAYER met3 = 95949 um.
Total wire length on LAYER met4 = 60725 um.
Total wire length on LAYER met5 = 4805 um.
Total number of vias = 86140.
Up-via summary (total 86140):.

------------------------
 FR_MASTERSLICE        0
            li1    36285
           met1    42067
           met2     5811
           met3     1905
           met4       72
------------------------
                   86140


[INFO DRT-0195] Start 5th optimization iteration.
    Completing 10% with 210 violations.
    elapsed time = 00:00:00, memory = 746.25 (MB).
    Completing 20% with 210 violations.
    elapsed time = 00:00:06, memory = 890.59 (MB).
    Completing 30% with 186 violations.
    elapsed time = 00:00:09, memory = 741.88 (MB).
    Completing 40% with 186 violations.
    elapsed time = 00:00:10, memory = 790.02 (MB).
    Completing 50% with 186 violations.
    elapsed time = 00:00:13, memory = 823.47 (MB).
    Completing 60% with 157 violations.
    elapsed time = 00:00:13, memory = 742.61 (MB).
    Completing 70% with 157 violations.
    elapsed time = 00:00:15, memory = 795.88 (MB).
    Completing 80% with 92 violations.
    elapsed time = 00:00:19, memory = 817.91 (MB).
    Completing 90% with 92 violations.
    elapsed time = 00:00:20, memory = 826.18 (MB).
    Completing 100% with 26 violations.
    elapsed time = 00:00:23, memory = 743.22 (MB).
[INFO DRT-0199]   Number of violations = 26.
Viol/Layer        met1   met2
Metal Spacing       10      0
Short               12      4
[INFO DRT-0267] cpu time = 00:00:40, elapsed time = 00:00:23, memory = 743.22 (MB), peak = 1189.09 (MB)
Total wire length = 542094 um.
Total wire length on LAYER li1 = 0 um.
Total wire length on LAYER met1 = 174832 um.
Total wire length on LAYER met2 = 205727 um.
Total wire length on LAYER met3 = 95989 um.
Total wire length on LAYER met4 = 60739 um.
Total wire length on LAYER met5 = 4805 um.
Total number of vias = 86131.
Up-via summary (total 86131):.

------------------------
 FR_MASTERSLICE        0
            li1    36285
           met1    42055
           met2     5812
           met3     1907
           met4       72
------------------------
                   86131


[INFO DRT-0195] Start 6th optimization iteration.
    Completing 10% with 26 violations.
    elapsed time = 00:00:00, memory = 743.22 (MB).
    Completing 20% with 26 violations.
    elapsed time = 00:00:01, memory = 795.11 (MB).
    Completing 30% with 23 violations.
    elapsed time = 00:00:08, memory = 743.05 (MB).
    Completing 40% with 23 violations.
    elapsed time = 00:00:08, memory = 743.05 (MB).
    Completing 50% with 23 violations.
    elapsed time = 00:00:10, memory = 743.05 (MB).
    Completing 60% with 22 violations.
    elapsed time = 00:00:10, memory = 743.05 (MB).
    Completing 70% with 22 violations.
    elapsed time = 00:00:10, memory = 743.05 (MB).
    Completing 80% with 22 violations.
    elapsed time = 00:00:15, memory = 742.78 (MB).
    Completing 90% with 22 violations.
    elapsed time = 00:00:15, memory = 742.78 (MB).
    Completing 100% with 20 violations.
    elapsed time = 00:00:17, memory = 776.08 (MB).
[INFO DRT-0199]   Number of violations = 20.
Viol/Layer        met1   met2
Metal Spacing        9      1
Short               10      0
[INFO DRT-0267] cpu time = 00:00:21, elapsed time = 00:00:18, memory = 776.08 (MB), peak = 1189.09 (MB)
Total wire length = 542085 um.
Total wire length on LAYER li1 = 0 um.
Total wire length on LAYER met1 = 174832 um.
Total wire length on LAYER met2 = 205725 um.
Total wire length on LAYER met3 = 95981 um.
Total wire length on LAYER met4 = 60739 um.
Total wire length on LAYER met5 = 4805 um.
Total number of vias = 86124.
Up-via summary (total 86124):.

------------------------
 FR_MASTERSLICE        0
            li1    36285
           met1    42051
           met2     5809
           met3     1907
           met4       72
------------------------
                   86124


[INFO DRT-0195] Start 7th optimization iteration.
    Completing 10% with 20 violations.
    elapsed time = 00:00:00, memory = 776.08 (MB).
    Completing 20% with 20 violations.
    elapsed time = 00:00:00, memory = 776.08 (MB).
    Completing 30% with 2 violations.
    elapsed time = 00:00:02, memory = 776.08 (MB).
    Completing 40% with 2 violations.
    elapsed time = 00:00:02, memory = 776.08 (MB).
    Completing 50% with 2 violations.
    elapsed time = 00:00:02, memory = 776.08 (MB).
    Completing 60% with 2 violations.
    elapsed time = 00:00:02, memory = 776.08 (MB).
    Completing 70% with 2 violations.
    elapsed time = 00:00:02, memory = 776.08 (MB).
    Completing 80% with 2 violations.
    elapsed time = 00:00:07, memory = 742.85 (MB).
    Completing 90% with 2 violations.
    elapsed time = 00:00:07, memory = 742.85 (MB).
    Completing 100% with 2 violations.
    elapsed time = 00:00:09, memory = 742.94 (MB).
[INFO DRT-0199]   Number of violations = 2.
Viol/Layer        met1
Metal Spacing        1
Short                1
[INFO DRT-0267] cpu time = 00:00:09, elapsed time = 00:00:09, memory = 742.94 (MB), peak = 1189.09 (MB)
Total wire length = 542085 um.
Total wire length on LAYER li1 = 0 um.
Total wire length on LAYER met1 = 174835 um.
Total wire length on LAYER met2 = 205723 um.
Total wire length on LAYER met3 = 95981 um.
Total wire length on LAYER met4 = 60739 um.
Total wire length on LAYER met5 = 4805 um.
Total number of vias = 86121.
Up-via summary (total 86121):.

------------------------
 FR_MASTERSLICE        0
            li1    36285
           met1    42048
           met2     5809
           met3     1907
           met4       72
------------------------
                   86121


[INFO DRT-0195] Start 8th optimization iteration.
    Completing 10% with 2 violations.
    elapsed time = 00:00:00, memory = 742.95 (MB).
    Completing 20% with 2 violations.
    elapsed time = 00:00:00, memory = 742.95 (MB).
    Completing 30% with 2 violations.
    elapsed time = 00:00:00, memory = 742.95 (MB).
    Completing 40% with 2 violations.
    elapsed time = 00:00:00, memory = 742.95 (MB).
    Completing 50% with 2 violations.
    elapsed time = 00:00:02, memory = 801.44 (MB).
    Completing 60% with 2 violations.
    elapsed time = 00:00:02, memory = 743.68 (MB).
    Completing 70% with 2 violations.
    elapsed time = 00:00:02, memory = 743.68 (MB).
    Completing 80% with 2 violations.
    elapsed time = 00:00:02, memory = 743.68 (MB).
    Completing 90% with 2 violations.
    elapsed time = 00:00:02, memory = 743.68 (MB).
    Completing 100% with 1 violations.
    elapsed time = 00:00:12, memory = 743.68 (MB).
[INFO DRT-0199]   Number of violations = 1.
Viol/Layer        met1
Short                1
[INFO DRT-0267] cpu time = 00:00:12, elapsed time = 00:00:12, memory = 743.68 (MB), peak = 1189.09 (MB)
Total wire length = 542089 um.
Total wire length on LAYER li1 = 0 um.
Total wire length on LAYER met1 = 174842 um.
Total wire length on LAYER met2 = 205722 um.
Total wire length on LAYER met3 = 95977 um.
Total wire length on LAYER met4 = 60740 um.
Total wire length on LAYER met5 = 4805 um.
Total number of vias = 86120.
Up-via summary (total 86120):.

------------------------
 FR_MASTERSLICE        0
            li1    36285
           met1    42045
           met2     5811
           met3     1907
           met4       72
------------------------
                   86120


[INFO DRT-0195] Start 9th optimization iteration.
    Completing 10% with 1 violations.
    elapsed time = 00:00:00, memory = 743.68 (MB).
    Completing 20% with 1 violations.
    elapsed time = 00:00:00, memory = 743.68 (MB).
    Completing 30% with 1 violations.
    elapsed time = 00:00:00, memory = 743.68 (MB).
    Completing 40% with 1 violations.
    elapsed time = 00:00:00, memory = 743.68 (MB).
    Completing 50% with 1 violations.
    elapsed time = 00:00:00, memory = 743.68 (MB).
    Completing 60% with 1 violations.
    elapsed time = 00:00:00, memory = 743.68 (MB).
    Completing 70% with 1 violations.
    elapsed time = 00:00:00, memory = 743.68 (MB).
    Completing 80% with 1 violations.
    elapsed time = 00:00:04, memory = 743.68 (MB).
    Completing 90% with 1 violations.
    elapsed time = 00:00:04, memory = 743.68 (MB).
    Completing 100% with 1 violations.
    elapsed time = 00:00:04, memory = 743.68 (MB).
[INFO DRT-0199]   Number of violations = 1.
Viol/Layer        met1
Short                1
[INFO DRT-0267] cpu time = 00:00:04, elapsed time = 00:00:04, memory = 743.68 (MB), peak = 1189.09 (MB)
Total wire length = 542089 um.
Total wire length on LAYER li1 = 0 um.
Total wire length on LAYER met1 = 174816 um.
Total wire length on LAYER met2 = 205716 um.
Total wire length on LAYER met3 = 96003 um.
Total wire length on LAYER met4 = 60747 um.
Total wire length on LAYER met5 = 4805 um.
Total number of vias = 86120.
Up-via summary (total 86120):.

------------------------
 FR_MASTERSLICE        0
            li1    36285
           met1    42045
           met2     5811
           met3     1907
           met4       72
------------------------
                   86120


[INFO DRT-0195] Start 10th optimization iteration.
    Completing 10% with 1 violations.
    elapsed time = 00:00:00, memory = 743.74 (MB).
    Completing 20% with 1 violations.
    elapsed time = 00:00:00, memory = 743.74 (MB).
    Completing 30% with 1 violations.
    elapsed time = 00:00:04, memory = 744.49 (MB).
    Completing 40% with 1 violations.
    elapsed time = 00:00:04, memory = 744.49 (MB).
    Completing 50% with 1 violations.
    elapsed time = 00:00:04, memory = 744.49 (MB).
    Completing 60% with 1 violations.
    elapsed time = 00:00:04, memory = 744.49 (MB).
    Completing 70% with 1 violations.
    elapsed time = 00:00:04, memory = 744.49 (MB).
    Completing 80% with 1 violations.
    elapsed time = 00:00:04, memory = 744.49 (MB).
    Completing 90% with 1 violations.
    elapsed time = 00:00:04, memory = 744.49 (MB).
    Completing 100% with 1 violations.
    elapsed time = 00:00:04, memory = 744.49 (MB).
[INFO DRT-0199]   Number of violations = 1.
Viol/Layer        met1
Short                1
[INFO DRT-0267] cpu time = 00:00:04, elapsed time = 00:00:04, memory = 744.49 (MB), peak = 1189.09 (MB)
Total wire length = 542089 um.
Total wire length on LAYER li1 = 0 um.
Total wire length on LAYER met1 = 174816 um.
Total wire length on LAYER met2 = 205715 um.
Total wire length on LAYER met3 = 96003 um.
Total wire length on LAYER met4 = 60747 um.
Total wire length on LAYER met5 = 4805 um.
Total number of vias = 86118.
Up-via summary (total 86118):.

------------------------
 FR_MASTERSLICE        0
            li1    36285
           met1    42043
           met2     5811
           met3     1907
           met4       72
------------------------
                   86118


[INFO DRT-0195] Start 11th optimization iteration.
    Completing 10% with 1 violations.
    elapsed time = 00:00:00, memory = 744.49 (MB).
    Completing 20% with 1 violations.
    elapsed time = 00:00:00, memory = 744.49 (MB).
    Completing 30% with 1 violations.
    elapsed time = 00:00:00, memory = 744.49 (MB).
    Completing 40% with 1 violations.
    elapsed time = 00:00:04, memory = 744.23 (MB).
    Completing 50% with 1 violations.
    elapsed time = 00:00:04, memory = 744.23 (MB).
    Completing 60% with 1 violations.
    elapsed time = 00:00:04, memory = 744.23 (MB).
    Completing 70% with 1 violations.
    elapsed time = 00:00:04, memory = 744.23 (MB).
    Completing 80% with 1 violations.
    elapsed time = 00:00:04, memory = 744.23 (MB).
    Completing 90% with 1 violations.
    elapsed time = 00:00:04, memory = 744.23 (MB).
    Completing 100% with 1 violations.
    elapsed time = 00:00:04, memory = 744.23 (MB).
[INFO DRT-0199]   Number of violations = 1.
Viol/Layer        met1
Short                1
[INFO DRT-0267] cpu time = 00:00:05, elapsed time = 00:00:05, memory = 744.23 (MB), peak = 1189.09 (MB)
Total wire length = 542089 um.
Total wire length on LAYER li1 = 0 um.
Total wire length on LAYER met1 = 174822 um.
Total wire length on LAYER met2 = 205716 um.
Total wire length on LAYER met3 = 95997 um.
Total wire length on LAYER met4 = 60747 um.
Total wire length on LAYER met5 = 4805 um.
Total number of vias = 86120.
Up-via summary (total 86120):.

------------------------
 FR_MASTERSLICE        0
            li1    36285
           met1    42045
           met2     5811
           met3     1907
           met4       72
------------------------
                   86120


[INFO DRT-0195] Start 12th optimization iteration.
    Completing 10% with 1 violations.
    elapsed time = 00:00:00, memory = 744.23 (MB).
    Completing 20% with 1 violations.
    elapsed time = 00:00:00, memory = 744.23 (MB).
    Completing 30% with 1 violations.
    elapsed time = 00:00:00, memory = 744.23 (MB).
    Completing 40% with 1 violations.
    elapsed time = 00:00:00, memory = 744.23 (MB).
    Completing 50% with 1 violations.
    elapsed time = 00:00:04, memory = 853.19 (MB).
    Completing 60% with 1 violations.
    elapsed time = 00:00:04, memory = 744.35 (MB).
    Completing 70% with 1 violations.
    elapsed time = 00:00:04, memory = 744.35 (MB).
    Completing 80% with 1 violations.
    elapsed time = 00:00:04, memory = 744.35 (MB).
    Completing 90% with 1 violations.
    elapsed time = 00:00:04, memory = 744.35 (MB).
    Completing 100% with 1 violations.
    elapsed time = 00:00:04, memory = 744.35 (MB).
[INFO DRT-0199]   Number of violations = 1.
Viol/Layer        met1
Short                1
[INFO DRT-0267] cpu time = 00:00:04, elapsed time = 00:00:04, memory = 744.35 (MB), peak = 1189.09 (MB)
Total wire length = 542089 um.
Total wire length on LAYER li1 = 0 um.
Total wire length on LAYER met1 = 174822 um.
Total wire length on LAYER met2 = 205716 um.
Total wire length on LAYER met3 = 95997 um.
Total wire length on LAYER met4 = 60747 um.
Total wire length on LAYER met5 = 4805 um.
Total number of vias = 86120.
Up-via summary (total 86120):.

------------------------
 FR_MASTERSLICE        0
            li1    36285
           met1    42045
           met2     5811
           met3     1907
           met4       72
------------------------
                   86120


[INFO DRT-0195] Start 13th optimization iteration.
    Completing 10% with 1 violations.
    elapsed time = 00:00:00, memory = 744.35 (MB).
    Completing 20% with 1 violations.
    elapsed time = 00:00:00, memory = 744.35 (MB).
    Completing 30% with 1 violations.
    elapsed time = 00:00:06, memory = 744.35 (MB).
    Completing 40% with 1 violations.
    elapsed time = 00:00:06, memory = 744.35 (MB).
    Completing 50% with 1 violations.
    elapsed time = 00:00:06, memory = 744.35 (MB).
    Completing 60% with 1 violations.
    elapsed time = 00:00:06, memory = 744.35 (MB).
    Completing 70% with 1 violations.
    elapsed time = 00:00:06, memory = 744.35 (MB).
    Completing 80% with 1 violations.
    elapsed time = 00:00:06, memory = 744.35 (MB).
    Completing 90% with 1 violations.
    elapsed time = 00:00:06, memory = 744.35 (MB).
    Completing 100% with 1 violations.
    elapsed time = 00:00:06, memory = 744.35 (MB).
[INFO DRT-0199]   Number of violations = 1.
Viol/Layer        met1
Short                1
[INFO DRT-0267] cpu time = 00:00:06, elapsed time = 00:00:06, memory = 744.35 (MB), peak = 1189.09 (MB)
Total wire length = 542089 um.
Total wire length on LAYER li1 = 0 um.
Total wire length on LAYER met1 = 174823 um.
Total wire length on LAYER met2 = 205719 um.
Total wire length on LAYER met3 = 95996 um.
Total wire length on LAYER met4 = 60743 um.
Total wire length on LAYER met5 = 4805 um.
Total number of vias = 86118.
Up-via summary (total 86118):.

------------------------
 FR_MASTERSLICE        0
            li1    36285
           met1    42043
           met2     5811
           met3     1907
           met4       72
------------------------
                   86118


[INFO DRT-0195] Start 14th optimization iteration.
    Completing 10% with 1 violations.
    elapsed time = 00:00:00, memory = 744.35 (MB).
    Completing 20% with 1 violations.
    elapsed time = 00:00:00, memory = 744.35 (MB).
    Completing 30% with 1 violations.
    elapsed time = 00:00:00, memory = 744.35 (MB).
    Completing 40% with 1 violations.
    elapsed time = 00:00:00, memory = 744.35 (MB).
    Completing 50% with 1 violations.
    elapsed time = 00:00:00, memory = 744.35 (MB).
    Completing 60% with 1 violations.
    elapsed time = 00:00:00, memory = 744.35 (MB).
    Completing 70% with 1 violations.
    elapsed time = 00:00:00, memory = 744.35 (MB).
    Completing 80% with 1 violations.
    elapsed time = 00:00:00, memory = 744.35 (MB).
    Completing 90% with 1 violations.
    elapsed time = 00:00:00, memory = 744.35 (MB).
    Completing 100% with 1 violations.
    elapsed time = 00:00:09, memory = 744.35 (MB).
[INFO DRT-0199]   Number of violations = 1.
Viol/Layer        met1
Short                1
[INFO DRT-0267] cpu time = 00:00:09, elapsed time = 00:00:09, memory = 744.35 (MB), peak = 1189.09 (MB)
Total wire length = 542091 um.
Total wire length on LAYER li1 = 0 um.
Total wire length on LAYER met1 = 174825 um.
Total wire length on LAYER met2 = 205719 um.
Total wire length on LAYER met3 = 95996 um.
Total wire length on LAYER met4 = 60743 um.
Total wire length on LAYER met5 = 4805 um.
Total number of vias = 86119.
Up-via summary (total 86119):.

------------------------
 FR_MASTERSLICE        0
            li1    36285
           met1    42044
           met2     5811
           met3     1907
           met4       72
------------------------
                   86119


[INFO DRT-0195] Start 15th optimization iteration.
    Completing 10% with 1 violations.
    elapsed time = 00:00:00, memory = 744.35 (MB).
    Completing 20% with 1 violations.
    elapsed time = 00:00:00, memory = 744.35 (MB).
    Completing 30% with 1 violations.
    elapsed time = 00:00:00, memory = 744.35 (MB).
    Completing 40% with 1 violations.
    elapsed time = 00:00:00, memory = 744.35 (MB).
    Completing 50% with 1 violations.
    elapsed time = 00:00:00, memory = 744.35 (MB).
    Completing 60% with 1 violations.
    elapsed time = 00:00:00, memory = 744.35 (MB).
    Completing 70% with 1 violations.
    elapsed time = 00:00:00, memory = 744.35 (MB).
    Completing 80% with 1 violations.
    elapsed time = 00:00:07, memory = 744.76 (MB).
    Completing 90% with 1 violations.
    elapsed time = 00:00:07, memory = 744.76 (MB).
    Completing 100% with 1 violations.
    elapsed time = 00:00:07, memory = 744.76 (MB).
[INFO DRT-0199]   Number of violations = 1.
Viol/Layer        met1
Short                1
[INFO DRT-0267] cpu time = 00:00:07, elapsed time = 00:00:07, memory = 744.76 (MB), peak = 1189.09 (MB)
Total wire length = 542091 um.
Total wire length on LAYER li1 = 0 um.
Total wire length on LAYER met1 = 174825 um.
Total wire length on LAYER met2 = 205719 um.
Total wire length on LAYER met3 = 95996 um.
Total wire length on LAYER met4 = 60743 um.
Total wire length on LAYER met5 = 4805 um.
Total number of vias = 86119.
Up-via summary (total 86119):.

------------------------
 FR_MASTERSLICE        0
            li1    36285
           met1    42044
           met2     5811
           met3     1907
           met4       72
------------------------
                   86119


[INFO DRT-0195] Start 16th optimization iteration.
    Completing 10% with 1 violations.
    elapsed time = 00:00:00, memory = 744.76 (MB).
    Completing 20% with 1 violations.
    elapsed time = 00:00:00, memory = 744.76 (MB).
    Completing 30% with 1 violations.
    elapsed time = 00:00:07, memory = 744.76 (MB).
    Completing 40% with 1 violations.
    elapsed time = 00:00:07, memory = 744.76 (MB).
    Completing 50% with 1 violations.
    elapsed time = 00:00:07, memory = 744.76 (MB).
    Completing 60% with 1 violations.
    elapsed time = 00:00:07, memory = 744.76 (MB).
    Completing 70% with 1 violations.
    elapsed time = 00:00:07, memory = 744.76 (MB).
    Completing 80% with 1 violations.
    elapsed time = 00:00:07, memory = 744.76 (MB).
    Completing 90% with 1 violations.
    elapsed time = 00:00:07, memory = 744.76 (MB).
    Completing 100% with 1 violations.
    elapsed time = 00:00:07, memory = 744.76 (MB).
[INFO DRT-0199]   Number of violations = 1.
Viol/Layer        met1
Short                1
[INFO DRT-0267] cpu time = 00:00:07, elapsed time = 00:00:07, memory = 744.76 (MB), peak = 1189.09 (MB)
Total wire length = 542091 um.
Total wire length on LAYER li1 = 0 um.
Total wire length on LAYER met1 = 174840 um.
Total wire length on LAYER met2 = 205731 um.
Total wire length on LAYER met3 = 95982 um.
Total wire length on LAYER met4 = 60731 um.
Total wire length on LAYER met5 = 4805 um.
Total number of vias = 86119.
Up-via summary (total 86119):.

------------------------
 FR_MASTERSLICE        0
            li1    36285
           met1    42044
           met2     5811
           met3     1907
           met4       72
------------------------
                   86119


[INFO DRT-0195] Start 17th optimization iteration.
    Completing 10% with 1 violations.
    elapsed time = 00:00:00, memory = 744.76 (MB).
    Completing 20% with 1 violations.
    elapsed time = 00:00:00, memory = 744.76 (MB).
    Completing 30% with 1 violations.
    elapsed time = 00:00:00, memory = 744.76 (MB).
    Completing 40% with 1 violations.
    elapsed time = 00:00:00, memory = 744.76 (MB).
    Completing 50% with 1 violations.
    elapsed time = 00:00:00, memory = 744.76 (MB).
    Completing 60% with 1 violations.
    elapsed time = 00:00:00, memory = 744.76 (MB).
    Completing 70% with 1 violations.
    elapsed time = 00:00:00, memory = 744.76 (MB).
    Completing 80% with 1 violations.
    elapsed time = 00:00:00, memory = 744.76 (MB).
    Completing 90% with 1 violations.
    elapsed time = 00:00:00, memory = 744.76 (MB).
    Completing 100% with 1 violations.
    elapsed time = 00:00:16, memory = 744.76 (MB).
[INFO DRT-0199]   Number of violations = 1.
Viol/Layer        met1
Short                1
[INFO DRT-0267] cpu time = 00:00:16, elapsed time = 00:00:16, memory = 744.76 (MB), peak = 1189.09 (MB)
Total wire length = 542091 um.
Total wire length on LAYER li1 = 0 um.
Total wire length on LAYER met1 = 174840 um.
Total wire length on LAYER met2 = 205731 um.
Total wire length on LAYER met3 = 95982 um.
Total wire length on LAYER met4 = 60731 um.
Total wire length on LAYER met5 = 4805 um.
Total number of vias = 86119.
Up-via summary (total 86119):.

------------------------
 FR_MASTERSLICE        0
            li1    36285
           met1    42044
           met2     5811
           met3     1907
           met4       72
------------------------
                   86119


[INFO DRT-0195] Start 18th optimization iteration.
    Completing 10% with 1 violations.
    elapsed time = 00:00:00, memory = 744.76 (MB).
    Completing 20% with 1 violations.
    elapsed time = 00:00:00, memory = 744.76 (MB).
    Completing 30% with 1 violations.
    elapsed time = 00:00:00, memory = 744.76 (MB).
    Completing 40% with 1 violations.
    elapsed time = 00:00:00, memory = 744.76 (MB).
    Completing 50% with 1 violations.
    elapsed time = 00:00:00, memory = 744.76 (MB).
    Completing 60% with 1 violations.
    elapsed time = 00:00:00, memory = 744.76 (MB).
    Completing 70% with 1 violations.
    elapsed time = 00:00:00, memory = 744.76 (MB).
    Completing 80% with 1 violations.
    elapsed time = 00:00:00, memory = 744.76 (MB).
    Completing 90% with 1 violations.
    elapsed time = 00:00:00, memory = 744.76 (MB).
    Completing 100% with 1 violations.
    elapsed time = 00:00:10, memory = 744.76 (MB).
[INFO DRT-0199]   Number of violations = 1.
Viol/Layer        met1
Short                1
[INFO DRT-0267] cpu time = 00:00:10, elapsed time = 00:00:10, memory = 744.76 (MB), peak = 1189.09 (MB)
Total wire length = 542091 um.
Total wire length on LAYER li1 = 0 um.
Total wire length on LAYER met1 = 174825 um.
Total wire length on LAYER met2 = 205720 um.
Total wire length on LAYER met3 = 95996 um.
Total wire length on LAYER met4 = 60742 um.
Total wire length on LAYER met5 = 4805 um.
Total number of vias = 86119.
Up-via summary (total 86119):.

------------------------
 FR_MASTERSLICE        0
            li1    36285
           met1    42044
           met2     5811
           met3     1907
           met4       72
------------------------
                   86119


[INFO DRT-0195] Start 19th optimization iteration.
    Completing 10% with 1 violations.
    elapsed time = 00:00:00, memory = 744.76 (MB).
    Completing 20% with 1 violations.
    elapsed time = 00:00:00, memory = 744.76 (MB).
    Completing 30% with 1 violations.
    elapsed time = 00:00:00, memory = 744.76 (MB).
    Completing 40% with 1 violations.
    elapsed time = 00:00:00, memory = 744.76 (MB).
    Completing 50% with 1 violations.
    elapsed time = 00:00:16, memory = 744.76 (MB).
    Completing 60% with 1 violations.
    elapsed time = 00:00:16, memory = 744.76 (MB).
    Completing 70% with 1 violations.
    elapsed time = 00:00:16, memory = 744.76 (MB).
    Completing 80% with 1 violations.
    elapsed time = 00:00:16, memory = 744.76 (MB).
    Completing 90% with 1 violations.
    elapsed time = 00:00:16, memory = 744.76 (MB).
    Completing 100% with 1 violations.
    elapsed time = 00:00:16, memory = 744.76 (MB).
[INFO DRT-0199]   Number of violations = 1.
Viol/Layer        met1
Short                1
[INFO DRT-0267] cpu time = 00:00:17, elapsed time = 00:00:17, memory = 744.76 (MB), peak = 1189.09 (MB)
Total wire length = 542089 um.
Total wire length on LAYER li1 = 0 um.
Total wire length on LAYER met1 = 174823 um.
Total wire length on LAYER met2 = 205720 um.
Total wire length on LAYER met3 = 95996 um.
Total wire length on LAYER met4 = 60742 um.
Total wire length on LAYER met5 = 4805 um.
Total number of vias = 86120.
Up-via summary (total 86120):.

------------------------
 FR_MASTERSLICE        0
            li1    36285
           met1    42045
           met2     5811
           met3     1907
           met4       72
------------------------
                   86120


[INFO DRT-0195] Start 20th optimization iteration.
    Completing 10% with 1 violations.
    elapsed time = 00:00:00, memory = 744.76 (MB).
    Completing 20% with 1 violations.
    elapsed time = 00:00:00, memory = 744.76 (MB).
    Completing 30% with 1 violations.
    elapsed time = 00:00:00, memory = 744.76 (MB).
    Completing 40% with 1 violations.
    elapsed time = 00:00:00, memory = 744.76 (MB).
    Completing 50% with 1 violations.
    elapsed time = 00:00:13, memory = 744.76 (MB).
    Completing 60% with 0 violations.
    elapsed time = 00:00:13, memory = 744.76 (MB).
    Completing 70% with 0 violations.
    elapsed time = 00:00:13, memory = 744.76 (MB).
    Completing 80% with 0 violations.
    elapsed time = 00:00:13, memory = 744.76 (MB).
    Completing 90% with 0 violations.
    elapsed time = 00:00:13, memory = 744.76 (MB).
    Completing 100% with 0 violations.
    elapsed time = 00:00:13, memory = 744.76 (MB).
[INFO DRT-0199]   Number of violations = 0.
[INFO DRT-0267] cpu time = 00:00:14, elapsed time = 00:00:14, memory = 744.76 (MB), peak = 1189.09 (MB)
Total wire length = 542099 um.
Total wire length on LAYER li1 = 0 um.
Total wire length on LAYER met1 = 174804 um.
Total wire length on LAYER met2 = 205722 um.
Total wire length on LAYER met3 = 96016 um.
Total wire length on LAYER met4 = 60750 um.
Total wire length on LAYER met5 = 4805 um.
Total number of vias = 86128.
Up-via summary (total 86128):.

------------------------
 FR_MASTERSLICE        0
            li1    36285
           met1    42047
           met2     5815
           met3     1909
           met4       72
------------------------
                   86128


[INFO DRT-0198] Complete detail routing.
Total wire length = 542099 um.
Total wire length on LAYER li1 = 0 um.
Total wire length on LAYER met1 = 174804 um.
Total wire length on LAYER met2 = 205722 um.
Total wire length on LAYER met3 = 96016 um.
Total wire length on LAYER met4 = 60750 um.
Total wire length on LAYER met5 = 4805 um.
Total number of vias = 86128.
Up-via summary (total 86128):.

------------------------
 FR_MASTERSLICE        0
            li1    36285
           met1    42047
           met2     5815
           met3     1909
           met4       72
------------------------
                   86128


[INFO DRT-0267] cpu time = 00:51:40, elapsed time = 19:19:45, memory = 744.76 (MB), peak = 1189.09 (MB)

[INFO DRT-0180] Post processing.
Setting global connections for newly added cells…
Writing OpenROAD database to '/openlane/designs/picorv32/runs/RUN_2026.05.29_09.50.20/results/routing/picorv32.odb'…
Writing netlist to '/openlane/designs/picorv32/runs/RUN_2026.05.29_09.50.20/results/routing/picorv32.nl.v'…
Writing powered netlist to '/openlane/designs/picorv32/runs/RUN_2026.05.29_09.50.20/results/routing/picorv32.pnl.v'…
Writing layout to '/openlane/designs/picorv32/runs/RUN_2026.05.29_09.50.20/results/routing/picorv32.def'…
